
14:18:43 INFO  ProducerConsumerService:32 - Producer started writing
14:18:43 INFO  ProducerConsumerService:40 - Producer finished writing
14:18:43 INFO  ProducerConsumerService:60 - Consumer started reading
14:18:43 INFO  ProducerConsumerService:62 - Consumer finished reading
14:18:43 INFO  ProducerConsumerService:64 - Consumer cleared randoms
14:18:45 INFO  ProducerConsumerService:32 - Producer started writing
14:18:45 INFO  ProducerConsumerService:40 - Producer finished writing
14:18:45 INFO  ProducerConsumerService:60 - Consumer started reading
14:18:45 INFO  ProducerConsumerService:62 - Consumer finished reading
14:18:45 INFO  ProducerConsumerService:64 - Consumer cleared randoms
14:18:47 INFO  ProducerConsumerService:32 - Producer started writing
14:18:47 INFO  ProducerConsumerService:40 - Producer finished writing
14:18:47 INFO  ProducerConsumerService:60 - Consumer started reading
14:18:47 INFO  ProducerConsumerService:62 - Consumer finished reading
14:18:47 INFO  ProducerConsumerService:64 - Consumer cleared randoms
14:18:49 INFO  ProducerConsumerService:32 - Producer started writing
14:18:49 INFO  ProducerConsumerService:40 - Producer finished writing
14:18:49 INFO  ProducerConsumerService:60 - Consumer started reading
14:18:49 INFO  ProducerConsumerService:62 - Consumer finished reading
14:18:49 INFO  ProducerConsumerService:64 - Consumer cleared randoms
14:18:51 INFO  ProducerConsumerService:32 - Producer started writing
14:18:51 INFO  ProducerConsumerService:40 - Producer finished writing
14:18:51 INFO  ProducerConsumerService:60 - Consumer started reading
14:18:51 INFO  ProducerConsumerService:62 - Consumer finished reading
14:18:51 INFO  ProducerConsumerService:64 - Consumer cleared randoms
14:18:53 INFO  ProducerConsumerService:32 - Producer started writing
14:18:53 INFO  ProducerConsumerService:40 - Producer finished writing
14:18:53 INFO  ProducerConsumerService:60 - Consumer started reading
14:18:53 INFO  ProducerConsumerService:62 - Consumer finished reading
14:18:53 INFO  ProducerConsumerService:64 - Consumer cleared randoms
14:18:55 INFO  ProducerConsumerService:32 - Producer started writing
14:18:55 INFO  ProducerConsumerService:40 - Producer finished writing
14:18:55 INFO  ProducerConsumerService:60 - Consumer started reading
14:18:55 INFO  ProducerConsumerService:62 - Consumer finished reading
14:18:55 INFO  ProducerConsumerService:64 - Consumer cleared randoms
14:18:57 INFO  ProducerConsumerService:32 - Producer started writing
14:18:57 INFO  ProducerConsumerService:40 - Producer finished writing
14:18:57 INFO  ProducerConsumerService:60 - Consumer started reading
14:18:57 INFO  ProducerConsumerService:62 - Consumer finished reading
14:18:57 INFO  ProducerConsumerService:64 - Consumer cleared randoms
